# JRE version: Java(TM) SE Runtime Environment (8.0_251-b08) (build 1.8.0_251-b08)
# Java VM: Java HotSpot(TM) 64-Bit Server VM (25.251-b08 mixed mode windows-amd64 compressed oops)
Heap:
 PSYoungGen      total 28160K, used 21698K [0x00000000e1180000, 0x00000000e3080000, 0x0000000100000000)
  eden space 24576K, 73% used [0x00000000e1180000,0x00000000e23333a8,0x00000000e2980000)
  from space 3584K, 99% used [0x00000000e2980000,0x00000000e2cfd848,0x00000000e2d00000)
  to   space 3584K, 0% used [0x00000000e2d00000,0x00000000e2d00000,0x00000000e3080000)
 ParOldGen       total 39936K, used 13238K [0x00000000a3400000, 0x00000000a5b00000, 0x00000000e1180000)
  object space 39936K, 33% used [0x00000000a3400000,0x00000000a40ed908,0x00000000a5b00000)
 Metaspace       used 25754K, capacity 26750K, committed 27008K, reserved 1073152K
  class space    used 3417K, capacity 3674K, committed 3712K, reserved 1048576K
GC Heap History (8 events):
Event: 2.429 GC heap before
{Heap before GC invocations=1 (full 0):
 PSYoungGen      total 28160K, used 24576K [0x00000000e1180000, 0x00000000e3080000, 0x0000000100000000)
  eden space 24576K, 100% used [0x00000000e1180000,0x00000000e2980000,0x00000000e2980000)
  from space 3584K, 0% used [0x00000000e2d00000,0x00000000e2d00000,0x00000000e3080000)
  to   space 3584K, 0% used [0x00000000e2980000,0x00000000e2980000,0x00000000e2d00000)
 ParOldGen       total 64512K, used 0K [0x00000000a3400000, 0x00000000a7300000, 0x00000000e1180000)
  object space 64512K, 0% used [0x00000000a3400000,0x00000000a3400000,0x00000000a7300000)
 Metaspace       used 10950K, capacity 11376K, committed 11520K, reserved 1058816K
  class space    used 1391K, capacity 1501K, committed 1536K, reserved 1048576K
Event: 2.437 GC heap after
Heap after GC invocations=1 (full 0):
 PSYoungGen      total 28160K, used 3567K [0x00000000e1180000, 0x00000000e3080000, 0x0000000100000000)
  eden space 24576K, 0% used [0x00000000e1180000,0x00000000e1180000,0x00000000e2980000)
  from space 3584K, 99% used [0x00000000e2980000,0x00000000e2cfbcc0,0x00000000e2d00000)
  to   space 3584K, 0% used [0x00000000e2d00000,0x00000000e2d00000,0x00000000e3080000)
 ParOldGen       total 64512K, used 566K [0x00000000a3400000, 0x00000000a7300000, 0x00000000e1180000)
  object space 64512K, 0% used [0x00000000a3400000,0x00000000a348d870,0x00000000a7300000)
 Metaspace       used 10950K, capacity 11376K, committed 11520K, reserved 1058816K
  class space    used 1391K, capacity 1501K, committed 1536K, reserved 1048576K
}
Event: 10.617 GC heap before
{Heap before GC invocations=2 (full 0):
 PSYoungGen      total 28160K, used 26759K [0x00000000e1180000, 0x00000000e3080000, 0x0000000100000000)
  eden space 24576K, 94% used [0x00000000e1180000,0x00000000e2826078,0x00000000e2980000)
  from space 3584K, 99% used [0x00000000e2980000,0x00000000e2cfbcc0,0x00000000e2d00000)
  to   space 3584K, 0% used [0x00000000e2d00000,0x00000000e2d00000,0x00000000e3080000)
 ParOldGen       total 64512K, used 566K [0x00000000a3400000, 0x00000000a7300000, 0x00000000e1180000)
  object space 64512K, 0% used [0x00000000a3400000,0x00000000a348d870,0x00000000a7300000)
 Metaspace       used 20451K, capacity 21118K, committed 21248K, reserved 1067008K
  class space    used 2867K, capacity 3060K, committed 3072K, reserved 1048576K
Event: 10.630 GC heap after
Heap after GC invocations=2 (full 0):
 PSYoungGen      total 28160K, used 3567K [0x00000000e1180000, 0x00000000e3080000, 0x0000000100000000)
  eden space 24576K, 0% used [0x00000000e1180000,0x00000000e1180000,0x00000000e2980000)
  from space 3584K, 99% used [0x00000000e2d00000,0x00000000e307bcc0,0x00000000e3080000)
  to   space 3584K, 0% used [0x00000000e2980000,0x00000000e2980000,0x00000000e2d00000)
 ParOldGen       total 64512K, used 5555K [0x00000000a3400000, 0x00000000a7300000, 0x00000000e1180000)
  object space 64512K, 8% used [0x00000000a3400000,0x00000000a396ce40,0x00000000a7300000)
 Metaspace       used 20451K, capacity 21118K, committed 21248K, reserved 1067008K
  class space    used 2867K, capacity 3060K, committed 3072K, reserved 1048576K
}
Event: 10.630 GC heap before
{Heap before GC invocations=3 (full 1):
 PSYoungGen      total 28160K, used 3567K [0x00000000e1180000, 0x00000000e3080000, 0x0000000100000000)
  eden space 24576K, 0% used [0x00000000e1180000,0x00000000e1180000,0x00000000e2980000)
  from space 3584K, 99% used [0x00000000e2d00000,0x00000000e307bcc0,0x00000000e3080000)
  to   space 3584K, 0% used [0x00000000e2980000,0x00000000e2980000,0x00000000e2d00000)
 ParOldGen       total 64512K, used 5555K [0x00000000a3400000, 0x00000000a7300000, 0x00000000e1180000)
  object space 64512K, 8% used [0x00000000a3400000,0x00000000a396ce40,0x00000000a7300000)
 Metaspace       used 20451K, capacity 21118K, committed 21248K, reserved 1067008K
  class space    used 2867K, capacity 3060K, committed 3072K, reserved 1048576K
Event: 10.704 GC heap after
Heap after GC invocations=3 (full 1):
 PSYoungGen      total 28160K, used 0K [0x00000000e1180000, 0x00000000e3080000, 0x0000000100000000)
  eden space 24576K, 0% used [0x00000000e1180000,0x00000000e1180000,0x00000000e2980000)
  from space 3584K, 0% used [0x00000000e2d00000,0x00000000e2d00000,0x00000000e3080000)
  to   space 3584K, 0% used [0x00000000e2980000,0x00000000e2980000,0x00000000e2d00000)
 ParOldGen       total 39936K, used 8949K [0x00000000a3400000, 0x00000000a5b00000, 0x00000000e1180000)
  object space 39936K, 22% used [0x00000000a3400000,0x00000000a3cbd758,0x00000000a5b00000)
 Metaspace       used 20451K, capacity 21118K, committed 21248K, reserved 1067008K
  class space    used 2867K, capacity 3060K, committed 3072K, reserved 1048576K
}
Event: 23.285 GC heap before
{Heap before GC invocations=4 (full 1):
 PSYoungGen      total 28160K, used 24576K [0x00000000e1180000, 0x00000000e3080000, 0x0000000100000000)
  eden space 24576K, 100% used [0x00000000e1180000,0x00000000e2980000,0x00000000e2980000)
  from space 3584K, 0% used [0x00000000e2d00000,0x00000000e2d00000,0x00000000e3080000)
  to   space 3584K, 0% used [0x00000000e2980000,0x00000000e2980000,0x00000000e2d00000)
 ParOldGen       total 39936K, used 8949K [0x00000000a3400000, 0x00000000a5b00000, 0x00000000e1180000)
  object space 39936K, 22% used [0x00000000a3400000,0x00000000a3cbd758,0x00000000a5b00000)
 Metaspace       used 25182K, capacity 26166K, committed 26240K, reserved 1071104K
  class space    used 3409K, capacity 3674K, committed 3712K, reserved 1048576K
Event: 23.294 GC heap after
Heap after GC invocations=4 (full 1):
 PSYoungGen      total 28160K, used 3574K [0x00000000e1180000, 0x00000000e3080000, 0x0000000100000000)
  eden space 24576K, 0% used [0x00000000e1180000,0x00000000e1180000,0x00000000e2980000)
  from space 3584K, 99% used [0x00000000e2980000,0x00000000e2cfd848,0x00000000e2d00000)
  to   space 3584K, 0% used [0x00000000e2d00000,0x00000000e2d00000,0x00000000e3080000)
 ParOldGen       total 39936K, used 13238K [0x00000000a3400000, 0x00000000a5b00000, 0x00000000e1180000)
  object space 39936K, 33% used [0x00000000a3400000,0x00000000a40ed908,0x00000000a5b00000)
 Metaspace       used 25182K, capacity 26166K, committed 26240K, reserved 1071104K
  class space    used 3409K, capacity 3674K, committed 3712K, reserved 1048576K
}

