# JRE version: Java(TM) SE Runtime Environment (8.0_251-b08) (build 1.8.0_251-b08)
# Java VM: Java HotSpot(TM) 64-Bit Server VM (25.251-b08 mixed mode windows-amd64 compressed oops)
Heap:
 PSYoungGen      total 28160K, used 15709K [0x00000000e1180000, 0x00000000e3080000, 0x0000000100000000)
  eden space 24576K, 49% used [0x00000000e1180000,0x00000000e1d5b658,0x00000000e2980000)
  from space 3584K, 99% used [0x00000000e2d00000,0x00000000e307c040,0x00000000e3080000)
  to   space 3584K, 0% used [0x00000000e2980000,0x00000000e2980000,0x00000000e2d00000)
 ParOldGen       total 64512K, used 6068K [0x00000000a3400000, 0x00000000a7300000, 0x00000000e1180000)
  object space 64512K, 9% used [0x00000000a3400000,0x00000000a39ed240,0x00000000a7300000)
 Metaspace       used 20107K, capacity 21068K, committed 21248K, reserved 1067008K
  class space    used 2779K, capacity 3027K, committed 3072K, reserved 1048576K
GC Heap History (4 events):
Event: 1.395 GC heap before
{Heap before GC invocations=1 (full 0):
 PSYoungGen      total 28160K, used 24576K [0x00000000e1180000, 0x00000000e3080000, 0x0000000100000000)
  eden space 24576K, 100% used [0x00000000e1180000,0x00000000e2980000,0x00000000e2980000)
  from space 3584K, 0% used [0x00000000e2d00000,0x00000000e2d00000,0x00000000e3080000)
  to   space 3584K, 0% used [0x00000000e2980000,0x00000000e2980000,0x00000000e2d00000)
 ParOldGen       total 64512K, used 0K [0x00000000a3400000, 0x00000000a7300000, 0x00000000e1180000)
  object space 64512K, 0% used [0x00000000a3400000,0x00000000a3400000,0x00000000a7300000)
 Metaspace       used 10925K, capacity 11374K, committed 11520K, reserved 1058816K
  class space    used 1388K, capacity 1503K, committed 1536K, reserved 1048576K
Event: 1.402 GC heap after
Heap after GC invocations=1 (full 0):
 PSYoungGen      total 28160K, used 3583K [0x00000000e1180000, 0x00000000e3080000, 0x0000000100000000)
  eden space 24576K, 0% used [0x00000000e1180000,0x00000000e1180000,0x00000000e2980000)
  from space 3584K, 99% used [0x00000000e2980000,0x00000000e2cffcd0,0x00000000e2d00000)
  to   space 3584K, 0% used [0x00000000e2d00000,0x00000000e2d00000,0x00000000e3080000)
 ParOldGen       total 64512K, used 542K [0x00000000a3400000, 0x00000000a7300000, 0x00000000e1180000)
  object space 64512K, 0% used [0x00000000a3400000,0x00000000a3487890,0x00000000a7300000)
 Metaspace       used 10925K, capacity 11374K, committed 11520K, reserved 1058816K
  class space    used 1388K, capacity 1503K, committed 1536K, reserved 1048576K
}
Event: 34.590 GC heap before
{Heap before GC invocations=2 (full 0):
 PSYoungGen      total 28160K, used 28144K [0x00000000e1180000, 0x00000000e3080000, 0x0000000100000000)
  eden space 24576K, 99% used [0x00000000e1180000,0x00000000e297c490,0x00000000e2980000)
  from space 3584K, 99% used [0x00000000e2980000,0x00000000e2cffcd0,0x00000000e2d00000)
  to   space 3584K, 0% used [0x00000000e2d00000,0x00000000e2d00000,0x00000000e3080000)
 ParOldGen       total 64512K, used 542K [0x00000000a3400000, 0x00000000a7300000, 0x00000000e1180000)
  object space 64512K, 0% used [0x00000000a3400000,0x00000000a3487890,0x00000000a7300000)
 Metaspace       used 17428K, capacity 18148K, committed 18304K, reserved 1064960K
  class space    used 2399K, capacity 2609K, committed 2688K, reserved 1048576K
Event: 34.600 GC heap after
Heap after GC invocations=2 (full 0):
 PSYoungGen      total 28160K, used 3568K [0x00000000e1180000, 0x00000000e3080000, 0x0000000100000000)
  eden space 24576K, 0% used [0x00000000e1180000,0x00000000e1180000,0x00000000e2980000)
  from space 3584K, 99% used [0x00000000e2d00000,0x00000000e307c040,0x00000000e3080000)
  to   space 3584K, 0% used [0x00000000e2980000,0x00000000e2980000,0x00000000e2d00000)
 ParOldGen       total 64512K, used 6068K [0x00000000a3400000, 0x00000000a7300000, 0x00000000e1180000)
  object space 64512K, 9% used [0x00000000a3400000,0x00000000a39ed240,0x00000000a7300000)
 Metaspace       used 17428K, capacity 18148K, committed 18304K, reserved 1064960K
  class space    used 2399K, capacity 2609K, committed 2688K, reserved 1048576K
}

